2019-04-23 14:03:17,327 - ResourceManager.getResource() parse exception
org.apache.velocity.exception.ParseErrorException: Encountered "#end\n" at public/templates/stylist.vtl[line 12, column 5]
Was expecting one of:
    <EOF> 
    "(" ...
    <RPAREN> ...
    <ESCAPE_DIRECTIVE> ...
    <SET_DIRECTIVE> ...
    "##" ...
    "\\\\" ...
    "\\" ...
    <TEXT> ...
    "*#" ...
    "*#" ...
    "]]#" ...
    <STRING_LITERAL> ...
    <IF_DIRECTIVE> ...
    <INTEGER_LITERAL> ...
    <FLOATING_POINT_LITERAL> ...
    <WORD> ...
    <BRACKETED_WORD> ...
    <IDENTIFIER> ...
    <DOT> ...
    "{" ...
    "}" ...
    <EMPTY_INDEX> ...
    
	at org.apache.velocity.Template.process(Template.java:151)
	at org.apache.velocity.runtime.resource.ResourceManagerImpl.loadResource(ResourceManagerImpl.java:437)
	at org.apache.velocity.runtime.resource.ResourceManagerImpl.getResource(ResourceManagerImpl.java:352)
	at org.apache.velocity.runtime.RuntimeInstance.getTemplate(RuntimeInstance.java:1533)
	at org.apache.velocity.runtime.directive.Parse.render(Parse.java:197)
	at org.apache.velocity.runtime.parser.node.ASTDirective.render(ASTDirective.java:207)
	at org.apache.velocity.runtime.parser.node.SimpleNode.render(SimpleNode.java:342)
	at org.apache.velocity.Template.merge(Template.java:356)
	at org.apache.velocity.Template.merge(Template.java:260)
	at spark.template.velocity.VelocityTemplateEngine.render(VelocityTemplateEngine.java:86)
	at spark.TemplateViewRouteImpl$1.render(TemplateViewRouteImpl.java:61)
	at spark.TemplateViewRouteImpl$1.render(TemplateViewRouteImpl.java:58)
	at spark.TemplateViewRouteImpl.render(TemplateViewRouteImpl.java:86)
	at spark.http.matching.Routes.execute(Routes.java:62)
	at spark.http.matching.MatcherFilter.doFilter(MatcherFilter.java:130)
	at spark.embeddedserver.jetty.JettyHandler.doHandle(JettyHandler.java:50)
	at org.eclipse.jetty.server.session.SessionHandler.doScope(SessionHandler.java:189)
	at org.eclipse.jetty.server.handler.ScopedHandler.handle(ScopedHandler.java:141)
	at org.eclipse.jetty.server.handler.HandlerWrapper.handle(HandlerWrapper.java:119)
	at org.eclipse.jetty.server.Server.handle(Server.java:517)
	at org.eclipse.jetty.server.HttpChannel.handle(HttpChannel.java:308)
	at org.eclipse.jetty.server.HttpConnection.onFillable(HttpConnection.java:242)
	at org.eclipse.jetty.io.AbstractConnection$ReadCallback.succeeded(AbstractConnection.java:261)
	at org.eclipse.jetty.io.FillInterest.fillable(FillInterest.java:95)
	at org.eclipse.jetty.io.SelectChannelEndPoint$2.run(SelectChannelEndPoint.java:75)
	at org.eclipse.jetty.util.thread.strategy.ExecuteProduceConsume.produceAndRun(ExecuteProduceConsume.java:213)
	at org.eclipse.jetty.util.thread.strategy.ExecuteProduceConsume.run(ExecuteProduceConsume.java:147)
	at org.eclipse.jetty.util.thread.QueuedThreadPool.runJob(QueuedThreadPool.java:654)
	at org.eclipse.jetty.util.thread.QueuedThreadPool$3.run(QueuedThreadPool.java:572)
	at java.base/java.lang.Thread.run(Thread.java:844)
2019-04-23 14:03:17,328 - #parse(): syntax error in #parse()-ed template 'public/templates/stylist.vtl', called at public/templates/layout.vtl[line 11, column 14]
2019-04-23 14:03:50,109 - Log4JLogChute initialized using file 'velocity.log'
2019-04-23 14:03:50,109 - Initializing Velocity, Calling init()...
2019-04-23 14:03:50,109 - Starting Apache Velocity v1.7 (compiled: 2010-11-19 12:14:37)
2019-04-23 14:03:50,109 - Default Properties File: org/apache/velocity/runtime/defaults/velocity.properties
2019-04-23 14:03:50,109 - Trying to use logger class org.apache.velocity.runtime.log.AvalonLogChute
2019-04-23 14:03:50,109 - Target log system for org.apache.velocity.runtime.log.AvalonLogChute is not available (java.lang.NoClassDefFoundError: org/apache/log/format/Formatter).  Falling back to next log system...
2019-04-23 14:03:50,109 - Trying to use logger class org.apache.velocity.runtime.log.Log4JLogChute
2019-04-23 14:03:50,109 - Using logger class org.apache.velocity.runtime.log.Log4JLogChute
2019-04-23 14:03:50,113 - ResourceLoader instantiated: org.apache.velocity.runtime.resource.loader.ClasspathResourceLoader
2019-04-23 14:03:50,130 - ResourceCache: initialized (class org.apache.velocity.runtime.resource.ResourceCacheImpl) with class java.util.Collections$SynchronizedMap cache map.
2019-04-23 14:03:50,132 - Loaded System Directive: org.apache.velocity.runtime.directive.Stop
2019-04-23 14:03:50,133 - Loaded System Directive: org.apache.velocity.runtime.directive.Define
2019-04-23 14:03:50,134 - Loaded System Directive: org.apache.velocity.runtime.directive.Break
2019-04-23 14:03:50,135 - Loaded System Directive: org.apache.velocity.runtime.directive.Evaluate
2019-04-23 14:03:50,136 - Loaded System Directive: org.apache.velocity.runtime.directive.Literal
2019-04-23 14:03:50,137 - Loaded System Directive: org.apache.velocity.runtime.directive.Macro
2019-04-23 14:03:50,139 - Loaded System Directive: org.apache.velocity.runtime.directive.Parse
2019-04-23 14:03:50,141 - Loaded System Directive: org.apache.velocity.runtime.directive.Include
2019-04-23 14:03:50,142 - Loaded System Directive: org.apache.velocity.runtime.directive.Foreach
2019-04-23 14:03:50,181 - Created '20' parsers.
2019-04-23 14:03:50,186 - Velocimacro : "velocimacro.library" is not set.  Trying default library: VM_global_library.vm
2019-04-23 14:03:50,188 - Could not load resource 'VM_global_library.vm' from ResourceLoader org.apache.velocity.runtime.resource.loader.ClasspathResourceLoader: ClasspathResourceLoader Error: cannot find resource VM_global_library.vm
2019-04-23 14:03:50,188 - Velocimacro : Default library not found.
2019-04-23 14:03:50,188 - Velocimacro : allowInline = true : VMs can be defined inline in templates
2019-04-23 14:03:50,188 - Velocimacro : allowInlineToOverride = false : VMs defined inline may NOT replace previous VM definitions
2019-04-23 14:03:50,188 - Velocimacro : allowInlineLocal = false : VMs defined inline will be global in scope if allowed.
2019-04-23 14:03:50,188 - Velocimacro : autoload off : VM system will not automatically reload global library macros
2019-04-23 14:03:50,203 - ResourceManager : found public/templates/layout.vtl with loader org.apache.velocity.runtime.resource.loader.ClasspathResourceLoader
2019-04-23 14:03:50,206 - ResourceManager : found public/templates/stylist.vtl with loader org.apache.velocity.runtime.resource.loader.ClasspathResourceLoader
2019-04-23 14:04:14,475 - Log4JLogChute initialized using file 'velocity.log'
2019-04-23 14:04:14,475 - Initializing Velocity, Calling init()...
2019-04-23 14:04:14,475 - Starting Apache Velocity v1.7 (compiled: 2010-11-19 12:14:37)
2019-04-23 14:04:14,475 - Default Properties File: org/apache/velocity/runtime/defaults/velocity.properties
2019-04-23 14:04:14,475 - Trying to use logger class org.apache.velocity.runtime.log.AvalonLogChute
2019-04-23 14:04:14,475 - Target log system for org.apache.velocity.runtime.log.AvalonLogChute is not available (java.lang.NoClassDefFoundError: org/apache/log/format/Formatter).  Falling back to next log system...
2019-04-23 14:04:14,475 - Trying to use logger class org.apache.velocity.runtime.log.Log4JLogChute
2019-04-23 14:04:14,475 - Using logger class org.apache.velocity.runtime.log.Log4JLogChute
2019-04-23 14:04:14,479 - ResourceLoader instantiated: org.apache.velocity.runtime.resource.loader.ClasspathResourceLoader
2019-04-23 14:04:14,496 - ResourceCache: initialized (class org.apache.velocity.runtime.resource.ResourceCacheImpl) with class java.util.Collections$SynchronizedMap cache map.
2019-04-23 14:04:14,498 - Loaded System Directive: org.apache.velocity.runtime.directive.Stop
2019-04-23 14:04:14,499 - Loaded System Directive: org.apache.velocity.runtime.directive.Define
2019-04-23 14:04:14,500 - Loaded System Directive: org.apache.velocity.runtime.directive.Break
2019-04-23 14:04:14,501 - Loaded System Directive: org.apache.velocity.runtime.directive.Evaluate
2019-04-23 14:04:14,501 - Loaded System Directive: org.apache.velocity.runtime.directive.Literal
2019-04-23 14:04:14,503 - Loaded System Directive: org.apache.velocity.runtime.directive.Macro
2019-04-23 14:04:14,505 - Loaded System Directive: org.apache.velocity.runtime.directive.Parse
2019-04-23 14:04:14,506 - Loaded System Directive: org.apache.velocity.runtime.directive.Include
2019-04-23 14:04:14,509 - Loaded System Directive: org.apache.velocity.runtime.directive.Foreach
2019-04-23 14:04:14,549 - Created '20' parsers.
2019-04-23 14:04:14,554 - Velocimacro : "velocimacro.library" is not set.  Trying default library: VM_global_library.vm
2019-04-23 14:04:14,555 - Could not load resource 'VM_global_library.vm' from ResourceLoader org.apache.velocity.runtime.resource.loader.ClasspathResourceLoader: ClasspathResourceLoader Error: cannot find resource VM_global_library.vm
2019-04-23 14:04:14,555 - Velocimacro : Default library not found.
2019-04-23 14:04:14,555 - Velocimacro : allowInline = true : VMs can be defined inline in templates
2019-04-23 14:04:14,555 - Velocimacro : allowInlineToOverride = false : VMs defined inline may NOT replace previous VM definitions
2019-04-23 14:04:14,555 - Velocimacro : allowInlineLocal = false : VMs defined inline will be global in scope if allowed.
2019-04-23 14:04:14,555 - Velocimacro : autoload off : VM system will not automatically reload global library macros
2019-04-23 14:04:14,571 - ResourceManager : found public/templates/layout.vtl with loader org.apache.velocity.runtime.resource.loader.ClasspathResourceLoader
2019-04-23 14:04:14,576 - ResourceManager : found public/templates/stylist.vtl with loader org.apache.velocity.runtime.resource.loader.ClasspathResourceLoader
2019-04-23 14:05:06,747 - ResourceManager : found public/templates/layout.vtl with loader org.apache.velocity.runtime.resource.loader.ClasspathResourceLoader
2019-04-23 14:05:06,749 - ResourceManager : found public/templates/stylist.vtl with loader org.apache.velocity.runtime.resource.loader.ClasspathResourceLoader
2019-04-23 14:05:10,866 - ResourceManager : found public/templates/layout.vtl with loader org.apache.velocity.runtime.resource.loader.ClasspathResourceLoader
2019-04-23 14:05:10,867 - ResourceManager : found public/templates/stylist.vtl with loader org.apache.velocity.runtime.resource.loader.ClasspathResourceLoader
2019-04-23 14:05:21,902 - ResourceManager : found public/templates/layout.vtl with loader org.apache.velocity.runtime.resource.loader.ClasspathResourceLoader
2019-04-23 14:05:21,903 - ResourceManager : found public/templates/stylist.vtl with loader org.apache.velocity.runtime.resource.loader.ClasspathResourceLoader
2019-04-23 14:05:49,058 - Log4JLogChute initialized using file 'velocity.log'
2019-04-23 14:05:49,059 - Initializing Velocity, Calling init()...
2019-04-23 14:05:49,059 - Starting Apache Velocity v1.7 (compiled: 2010-11-19 12:14:37)
2019-04-23 14:05:49,059 - Default Properties File: org/apache/velocity/runtime/defaults/velocity.properties
2019-04-23 14:05:49,059 - Trying to use logger class org.apache.velocity.runtime.log.AvalonLogChute
2019-04-23 14:05:49,059 - Target log system for org.apache.velocity.runtime.log.AvalonLogChute is not available (java.lang.NoClassDefFoundError: org/apache/log/format/Formatter).  Falling back to next log system...
2019-04-23 14:05:49,059 - Trying to use logger class org.apache.velocity.runtime.log.Log4JLogChute
2019-04-23 14:05:49,059 - Using logger class org.apache.velocity.runtime.log.Log4JLogChute
2019-04-23 14:05:49,062 - ResourceLoader instantiated: org.apache.velocity.runtime.resource.loader.ClasspathResourceLoader
2019-04-23 14:05:49,073 - ResourceCache: initialized (class org.apache.velocity.runtime.resource.ResourceCacheImpl) with class java.util.Collections$SynchronizedMap cache map.
2019-04-23 14:05:49,075 - Loaded System Directive: org.apache.velocity.runtime.directive.Stop
2019-04-23 14:05:49,076 - Loaded System Directive: org.apache.velocity.runtime.directive.Define
2019-04-23 14:05:49,077 - Loaded System Directive: org.apache.velocity.runtime.directive.Break
2019-04-23 14:05:49,078 - Loaded System Directive: org.apache.velocity.runtime.directive.Evaluate
2019-04-23 14:05:49,079 - Loaded System Directive: org.apache.velocity.runtime.directive.Literal
2019-04-23 14:05:49,080 - Loaded System Directive: org.apache.velocity.runtime.directive.Macro
2019-04-23 14:05:49,081 - Loaded System Directive: org.apache.velocity.runtime.directive.Parse
2019-04-23 14:05:49,082 - Loaded System Directive: org.apache.velocity.runtime.directive.Include
2019-04-23 14:05:49,083 - Loaded System Directive: org.apache.velocity.runtime.directive.Foreach
2019-04-23 14:05:49,110 - Created '20' parsers.
2019-04-23 14:05:49,113 - Velocimacro : "velocimacro.library" is not set.  Trying default library: VM_global_library.vm
2019-04-23 14:05:49,114 - Could not load resource 'VM_global_library.vm' from ResourceLoader org.apache.velocity.runtime.resource.loader.ClasspathResourceLoader: ClasspathResourceLoader Error: cannot find resource VM_global_library.vm
2019-04-23 14:05:49,114 - Velocimacro : Default library not found.
2019-04-23 14:05:49,114 - Velocimacro : allowInline = true : VMs can be defined inline in templates
2019-04-23 14:05:49,114 - Velocimacro : allowInlineToOverride = false : VMs defined inline may NOT replace previous VM definitions
2019-04-23 14:05:49,114 - Velocimacro : allowInlineLocal = false : VMs defined inline will be global in scope if allowed.
2019-04-23 14:05:49,114 - Velocimacro : autoload off : VM system will not automatically reload global library macros
2019-04-23 14:05:49,125 - ResourceManager : found public/templates/layout.vtl with loader org.apache.velocity.runtime.resource.loader.ClasspathResourceLoader
2019-04-23 14:05:49,131 - ResourceManager : found public/templates/stylists.vtl with loader org.apache.velocity.runtime.resource.loader.ClasspathResourceLoader
2019-04-23 14:05:53,185 - Log4JLogChute initialized using file 'velocity.log'
2019-04-23 14:05:53,185 - Log4JLogChute initialized using file 'velocity.log'
2019-04-23 14:05:53,185 - Initializing Velocity, Calling init()...
2019-04-23 14:05:53,185 - Initializing Velocity, Calling init()...
2019-04-23 14:05:53,185 - Starting Apache Velocity v1.7 (compiled: 2010-11-19 12:14:37)
2019-04-23 14:05:53,185 - Starting Apache Velocity v1.7 (compiled: 2010-11-19 12:14:37)
2019-04-23 14:05:53,185 - Default Properties File: org/apache/velocity/runtime/defaults/velocity.properties
2019-04-23 14:05:53,185 - Default Properties File: org/apache/velocity/runtime/defaults/velocity.properties
2019-04-23 14:05:53,185 - Trying to use logger class org.apache.velocity.runtime.log.AvalonLogChute
2019-04-23 14:05:53,185 - Trying to use logger class org.apache.velocity.runtime.log.AvalonLogChute
2019-04-23 14:05:53,185 - Target log system for org.apache.velocity.runtime.log.AvalonLogChute is not available (java.lang.NoClassDefFoundError: org/apache/log/format/Formatter).  Falling back to next log system...
2019-04-23 14:05:53,185 - Target log system for org.apache.velocity.runtime.log.AvalonLogChute is not available (java.lang.NoClassDefFoundError: org/apache/log/format/Formatter).  Falling back to next log system...
2019-04-23 14:05:53,185 - Trying to use logger class org.apache.velocity.runtime.log.Log4JLogChute
2019-04-23 14:05:53,185 - Trying to use logger class org.apache.velocity.runtime.log.Log4JLogChute
2019-04-23 14:05:53,186 - Using logger class org.apache.velocity.runtime.log.Log4JLogChute
2019-04-23 14:05:53,186 - Using logger class org.apache.velocity.runtime.log.Log4JLogChute
2019-04-23 14:05:53,186 - ResourceLoader instantiated: org.apache.velocity.runtime.resource.loader.ClasspathResourceLoader
2019-04-23 14:05:53,186 - ResourceLoader instantiated: org.apache.velocity.runtime.resource.loader.ClasspathResourceLoader
2019-04-23 14:05:53,186 - ResourceCache: initialized (class org.apache.velocity.runtime.resource.ResourceCacheImpl) with class java.util.Collections$SynchronizedMap cache map.
2019-04-23 14:05:53,186 - ResourceCache: initialized (class org.apache.velocity.runtime.resource.ResourceCacheImpl) with class java.util.Collections$SynchronizedMap cache map.
2019-04-23 14:05:53,187 - Loaded System Directive: org.apache.velocity.runtime.directive.Stop
2019-04-23 14:05:53,187 - Loaded System Directive: org.apache.velocity.runtime.directive.Stop
2019-04-23 14:05:53,188 - Loaded System Directive: org.apache.velocity.runtime.directive.Define
2019-04-23 14:05:53,188 - Loaded System Directive: org.apache.velocity.runtime.directive.Define
2019-04-23 14:05:53,188 - Loaded System Directive: org.apache.velocity.runtime.directive.Break
2019-04-23 14:05:53,188 - Loaded System Directive: org.apache.velocity.runtime.directive.Break
2019-04-23 14:05:53,188 - Loaded System Directive: org.apache.velocity.runtime.directive.Evaluate
2019-04-23 14:05:53,188 - Loaded System Directive: org.apache.velocity.runtime.directive.Evaluate
2019-04-23 14:05:53,188 - Loaded System Directive: org.apache.velocity.runtime.directive.Literal
2019-04-23 14:05:53,188 - Loaded System Directive: org.apache.velocity.runtime.directive.Literal
2019-04-23 14:05:53,188 - Loaded System Directive: org.apache.velocity.runtime.directive.Macro
2019-04-23 14:05:53,188 - Loaded System Directive: org.apache.velocity.runtime.directive.Macro
2019-04-23 14:05:53,188 - Loaded System Directive: org.apache.velocity.runtime.directive.Parse
2019-04-23 14:05:53,188 - Loaded System Directive: org.apache.velocity.runtime.directive.Parse
2019-04-23 14:05:53,188 - Loaded System Directive: org.apache.velocity.runtime.directive.Include
2019-04-23 14:05:53,188 - Loaded System Directive: org.apache.velocity.runtime.directive.Include
2019-04-23 14:05:53,188 - Loaded System Directive: org.apache.velocity.runtime.directive.Foreach
2019-04-23 14:05:53,188 - Loaded System Directive: org.apache.velocity.runtime.directive.Foreach
2019-04-23 14:05:53,191 - Created '20' parsers.
2019-04-23 14:05:53,191 - Created '20' parsers.
2019-04-23 14:05:53,191 - Velocimacro : "velocimacro.library" is not set.  Trying default library: VM_global_library.vm
2019-04-23 14:05:53,191 - Velocimacro : "velocimacro.library" is not set.  Trying default library: VM_global_library.vm
2019-04-23 14:05:53,191 - Could not load resource 'VM_global_library.vm' from ResourceLoader org.apache.velocity.runtime.resource.loader.ClasspathResourceLoader: ClasspathResourceLoader Error: cannot find resource VM_global_library.vm
2019-04-23 14:05:53,191 - Could not load resource 'VM_global_library.vm' from ResourceLoader org.apache.velocity.runtime.resource.loader.ClasspathResourceLoader: ClasspathResourceLoader Error: cannot find resource VM_global_library.vm
2019-04-23 14:05:53,191 - Velocimacro : Default library not found.
2019-04-23 14:05:53,191 - Velocimacro : Default library not found.
2019-04-23 14:05:53,191 - Velocimacro : allowInline = true : VMs can be defined inline in templates
2019-04-23 14:05:53,191 - Velocimacro : allowInline = true : VMs can be defined inline in templates
2019-04-23 14:05:53,192 - Velocimacro : allowInlineToOverride = false : VMs defined inline may NOT replace previous VM definitions
2019-04-23 14:05:53,192 - Velocimacro : allowInlineToOverride = false : VMs defined inline may NOT replace previous VM definitions
2019-04-23 14:05:53,192 - Velocimacro : allowInlineLocal = false : VMs defined inline will be global in scope if allowed.
2019-04-23 14:05:53,192 - Velocimacro : allowInlineLocal = false : VMs defined inline will be global in scope if allowed.
2019-04-23 14:05:53,192 - Velocimacro : autoload off : VM system will not automatically reload global library macros
2019-04-23 14:05:53,192 - Velocimacro : autoload off : VM system will not automatically reload global library macros
2019-04-23 14:05:53,192 - ResourceManager : found public/templates/layout.vtl with loader org.apache.velocity.runtime.resource.loader.ClasspathResourceLoader
2019-04-23 14:05:53,192 - ResourceManager : found public/templates/layout.vtl with loader org.apache.velocity.runtime.resource.loader.ClasspathResourceLoader
2019-04-23 14:05:53,193 - ResourceManager : found public/templates/stylist.vtl with loader org.apache.velocity.runtime.resource.loader.ClasspathResourceLoader
2019-04-23 14:05:53,193 - ResourceManager : found public/templates/stylist.vtl with loader org.apache.velocity.runtime.resource.loader.ClasspathResourceLoader
2019-04-23 14:08:26,372 - Log4JLogChute initialized using file 'velocity.log'
2019-04-23 14:08:26,372 - Initializing Velocity, Calling init()...
2019-04-23 14:08:26,372 - Starting Apache Velocity v1.7 (compiled: 2010-11-19 12:14:37)
2019-04-23 14:08:26,372 - Default Properties File: org/apache/velocity/runtime/defaults/velocity.properties
2019-04-23 14:08:26,372 - Trying to use logger class org.apache.velocity.runtime.log.AvalonLogChute
2019-04-23 14:08:26,373 - Target log system for org.apache.velocity.runtime.log.AvalonLogChute is not available (java.lang.NoClassDefFoundError: org/apache/log/format/Formatter).  Falling back to next log system...
2019-04-23 14:08:26,373 - Trying to use logger class org.apache.velocity.runtime.log.Log4JLogChute
2019-04-23 14:08:26,373 - Using logger class org.apache.velocity.runtime.log.Log4JLogChute
2019-04-23 14:08:26,376 - ResourceLoader instantiated: org.apache.velocity.runtime.resource.loader.ClasspathResourceLoader
2019-04-23 14:08:26,386 - ResourceCache: initialized (class org.apache.velocity.runtime.resource.ResourceCacheImpl) with class java.util.Collections$SynchronizedMap cache map.
2019-04-23 14:08:26,388 - Loaded System Directive: org.apache.velocity.runtime.directive.Stop
2019-04-23 14:08:26,389 - Loaded System Directive: org.apache.velocity.runtime.directive.Define
2019-04-23 14:08:26,390 - Loaded System Directive: org.apache.velocity.runtime.directive.Break
2019-04-23 14:08:26,391 - Loaded System Directive: org.apache.velocity.runtime.directive.Evaluate
2019-04-23 14:08:26,392 - Loaded System Directive: org.apache.velocity.runtime.directive.Literal
2019-04-23 14:08:26,393 - Loaded System Directive: org.apache.velocity.runtime.directive.Macro
2019-04-23 14:08:26,395 - Loaded System Directive: org.apache.velocity.runtime.directive.Parse
2019-04-23 14:08:26,396 - Loaded System Directive: org.apache.velocity.runtime.directive.Include
2019-04-23 14:08:26,397 - Loaded System Directive: org.apache.velocity.runtime.directive.Foreach
2019-04-23 14:08:26,426 - Created '20' parsers.
2019-04-23 14:08:26,430 - Velocimacro : "velocimacro.library" is not set.  Trying default library: VM_global_library.vm
2019-04-23 14:08:26,431 - Could not load resource 'VM_global_library.vm' from ResourceLoader org.apache.velocity.runtime.resource.loader.ClasspathResourceLoader: ClasspathResourceLoader Error: cannot find resource VM_global_library.vm
2019-04-23 14:08:26,431 - Velocimacro : Default library not found.
2019-04-23 14:08:26,431 - Velocimacro : allowInline = true : VMs can be defined inline in templates
2019-04-23 14:08:26,431 - Velocimacro : allowInlineToOverride = false : VMs defined inline may NOT replace previous VM definitions
2019-04-23 14:08:26,431 - Velocimacro : allowInlineLocal = false : VMs defined inline will be global in scope if allowed.
2019-04-23 14:08:26,431 - Velocimacro : autoload off : VM system will not automatically reload global library macros
2019-04-23 14:08:26,458 - ResourceManager : found public/templates/layout.vtl with loader org.apache.velocity.runtime.resource.loader.ClasspathResourceLoader
2019-04-23 14:08:26,464 - ResourceManager : found public/templates/stylist.vtl with loader org.apache.velocity.runtime.resource.loader.ClasspathResourceLoader
2019-04-23 14:08:27,387 - ResourceManager : found public/templates/layout.vtl with loader org.apache.velocity.runtime.resource.loader.ClasspathResourceLoader
2019-04-23 14:08:27,390 - ResourceManager : found public/templates/stylist.vtl with loader org.apache.velocity.runtime.resource.loader.ClasspathResourceLoader
2019-04-23 14:08:27,912 - ResourceManager : found public/templates/layout.vtl with loader org.apache.velocity.runtime.resource.loader.ClasspathResourceLoader
2019-04-23 14:08:27,916 - ResourceManager : found public/templates/stylist.vtl with loader org.apache.velocity.runtime.resource.loader.ClasspathResourceLoader
2019-04-23 14:09:35,294 - Log4JLogChute initialized using file 'velocity.log'
2019-04-23 14:09:35,294 - Initializing Velocity, Calling init()...
2019-04-23 14:09:35,294 - Starting Apache Velocity v1.7 (compiled: 2010-11-19 12:14:37)
2019-04-23 14:09:35,295 - Default Properties File: org/apache/velocity/runtime/defaults/velocity.properties
2019-04-23 14:09:35,295 - Trying to use logger class org.apache.velocity.runtime.log.AvalonLogChute
2019-04-23 14:09:35,295 - Target log system for org.apache.velocity.runtime.log.AvalonLogChute is not available (java.lang.NoClassDefFoundError: org/apache/log/format/Formatter).  Falling back to next log system...
2019-04-23 14:09:35,295 - Trying to use logger class org.apache.velocity.runtime.log.Log4JLogChute
2019-04-23 14:09:35,295 - Using logger class org.apache.velocity.runtime.log.Log4JLogChute
2019-04-23 14:09:35,298 - ResourceLoader instantiated: org.apache.velocity.runtime.resource.loader.ClasspathResourceLoader
2019-04-23 14:09:35,310 - ResourceCache: initialized (class org.apache.velocity.runtime.resource.ResourceCacheImpl) with class java.util.Collections$SynchronizedMap cache map.
2019-04-23 14:09:35,311 - Loaded System Directive: org.apache.velocity.runtime.directive.Stop
2019-04-23 14:09:35,312 - Loaded System Directive: org.apache.velocity.runtime.directive.Define
2019-04-23 14:09:35,313 - Loaded System Directive: org.apache.velocity.runtime.directive.Break
2019-04-23 14:09:35,313 - Loaded System Directive: org.apache.velocity.runtime.directive.Evaluate
2019-04-23 14:09:35,314 - Loaded System Directive: org.apache.velocity.runtime.directive.Literal
2019-04-23 14:09:35,315 - Loaded System Directive: org.apache.velocity.runtime.directive.Macro
2019-04-23 14:09:35,316 - Loaded System Directive: org.apache.velocity.runtime.directive.Parse
2019-04-23 14:09:35,316 - Loaded System Directive: org.apache.velocity.runtime.directive.Include
2019-04-23 14:09:35,317 - Loaded System Directive: org.apache.velocity.runtime.directive.Foreach
2019-04-23 14:09:35,344 - Created '20' parsers.
2019-04-23 14:09:35,347 - Velocimacro : "velocimacro.library" is not set.  Trying default library: VM_global_library.vm
2019-04-23 14:09:35,348 - Could not load resource 'VM_global_library.vm' from ResourceLoader org.apache.velocity.runtime.resource.loader.ClasspathResourceLoader: ClasspathResourceLoader Error: cannot find resource VM_global_library.vm
2019-04-23 14:09:35,348 - Velocimacro : Default library not found.
2019-04-23 14:09:35,348 - Velocimacro : allowInline = true : VMs can be defined inline in templates
2019-04-23 14:09:35,348 - Velocimacro : allowInlineToOverride = false : VMs defined inline may NOT replace previous VM definitions
2019-04-23 14:09:35,348 - Velocimacro : allowInlineLocal = false : VMs defined inline will be global in scope if allowed.
2019-04-23 14:09:35,348 - Velocimacro : autoload off : VM system will not automatically reload global library macros
2019-04-23 14:09:35,357 - ResourceManager : found public/templates/layout.vtl with loader org.apache.velocity.runtime.resource.loader.ClasspathResourceLoader
2019-04-23 14:09:35,361 - ResourceManager : found public/templates/stylist.vtl with loader org.apache.velocity.runtime.resource.loader.ClasspathResourceLoader
2019-04-23 14:09:35,731 - ResourceManager : found public/templates/layout.vtl with loader org.apache.velocity.runtime.resource.loader.ClasspathResourceLoader
2019-04-23 14:09:35,740 - ResourceManager : found public/templates/stylist.vtl with loader org.apache.velocity.runtime.resource.loader.ClasspathResourceLoader
2019-04-23 14:09:48,275 - Log4JLogChute initialized using file 'velocity.log'
2019-04-23 14:09:48,276 - Initializing Velocity, Calling init()...
2019-04-23 14:09:48,276 - Starting Apache Velocity v1.7 (compiled: 2010-11-19 12:14:37)
2019-04-23 14:09:48,276 - Default Properties File: org/apache/velocity/runtime/defaults/velocity.properties
2019-04-23 14:09:48,276 - Trying to use logger class org.apache.velocity.runtime.log.AvalonLogChute
2019-04-23 14:09:48,276 - Target log system for org.apache.velocity.runtime.log.AvalonLogChute is not available (java.lang.NoClassDefFoundError: org/apache/log/format/Formatter).  Falling back to next log system...
2019-04-23 14:09:48,276 - Trying to use logger class org.apache.velocity.runtime.log.Log4JLogChute
2019-04-23 14:09:48,276 - Using logger class org.apache.velocity.runtime.log.Log4JLogChute
2019-04-23 14:09:48,280 - ResourceLoader instantiated: org.apache.velocity.runtime.resource.loader.ClasspathResourceLoader
2019-04-23 14:09:48,298 - ResourceCache: initialized (class org.apache.velocity.runtime.resource.ResourceCacheImpl) with class java.util.Collections$SynchronizedMap cache map.
2019-04-23 14:09:48,300 - Loaded System Directive: org.apache.velocity.runtime.directive.Stop
2019-04-23 14:09:48,301 - Loaded System Directive: org.apache.velocity.runtime.directive.Define
2019-04-23 14:09:48,302 - Loaded System Directive: org.apache.velocity.runtime.directive.Break
2019-04-23 14:09:48,303 - Loaded System Directive: org.apache.velocity.runtime.directive.Evaluate
2019-04-23 14:09:48,303 - Loaded System Directive: org.apache.velocity.runtime.directive.Literal
2019-04-23 14:09:48,305 - Loaded System Directive: org.apache.velocity.runtime.directive.Macro
2019-04-23 14:09:48,307 - Loaded System Directive: org.apache.velocity.runtime.directive.Parse
2019-04-23 14:09:48,309 - Loaded System Directive: org.apache.velocity.runtime.directive.Include
2019-04-23 14:09:48,311 - Loaded System Directive: org.apache.velocity.runtime.directive.Foreach
2019-04-23 14:09:48,362 - Created '20' parsers.
2019-04-23 14:09:48,367 - Velocimacro : "velocimacro.library" is not set.  Trying default library: VM_global_library.vm
2019-04-23 14:09:48,368 - Could not load resource 'VM_global_library.vm' from ResourceLoader org.apache.velocity.runtime.resource.loader.ClasspathResourceLoader: ClasspathResourceLoader Error: cannot find resource VM_global_library.vm
2019-04-23 14:09:48,368 - Velocimacro : Default library not found.
2019-04-23 14:09:48,369 - Velocimacro : allowInline = true : VMs can be defined inline in templates
2019-04-23 14:09:48,369 - Velocimacro : allowInlineToOverride = false : VMs defined inline may NOT replace previous VM definitions
2019-04-23 14:09:48,369 - Velocimacro : allowInlineLocal = false : VMs defined inline will be global in scope if allowed.
2019-04-23 14:09:48,369 - Velocimacro : autoload off : VM system will not automatically reload global library macros
2019-04-23 14:09:48,385 - ResourceManager : found public/templates/layout.vtl with loader org.apache.velocity.runtime.resource.loader.ClasspathResourceLoader
2019-04-23 14:09:48,392 - ResourceManager : found public/templates/stylist.vtl with loader org.apache.velocity.runtime.resource.loader.ClasspathResourceLoader
2019-04-23 14:10:06,087 - Log4JLogChute initialized using file 'velocity.log'
2019-04-23 14:10:06,087 - Initializing Velocity, Calling init()...
2019-04-23 14:10:06,087 - Starting Apache Velocity v1.7 (compiled: 2010-11-19 12:14:37)
2019-04-23 14:10:06,087 - Default Properties File: org/apache/velocity/runtime/defaults/velocity.properties
2019-04-23 14:10:06,087 - Trying to use logger class org.apache.velocity.runtime.log.AvalonLogChute
2019-04-23 14:10:06,088 - Target log system for org.apache.velocity.runtime.log.AvalonLogChute is not available (java.lang.NoClassDefFoundError: org/apache/log/format/Formatter).  Falling back to next log system...
2019-04-23 14:10:06,088 - Trying to use logger class org.apache.velocity.runtime.log.Log4JLogChute
2019-04-23 14:10:06,088 - Using logger class org.apache.velocity.runtime.log.Log4JLogChute
2019-04-23 14:10:06,091 - ResourceLoader instantiated: org.apache.velocity.runtime.resource.loader.ClasspathResourceLoader
2019-04-23 14:10:06,102 - ResourceCache: initialized (class org.apache.velocity.runtime.resource.ResourceCacheImpl) with class java.util.Collections$SynchronizedMap cache map.
2019-04-23 14:10:06,104 - Loaded System Directive: org.apache.velocity.runtime.directive.Stop
2019-04-23 14:10:06,106 - Loaded System Directive: org.apache.velocity.runtime.directive.Define
2019-04-23 14:10:06,106 - Loaded System Directive: org.apache.velocity.runtime.directive.Break
2019-04-23 14:10:06,107 - Loaded System Directive: org.apache.velocity.runtime.directive.Evaluate
2019-04-23 14:10:06,108 - Loaded System Directive: org.apache.velocity.runtime.directive.Literal
2019-04-23 14:10:06,109 - Loaded System Directive: org.apache.velocity.runtime.directive.Macro
2019-04-23 14:10:06,110 - Loaded System Directive: org.apache.velocity.runtime.directive.Parse
2019-04-23 14:10:06,111 - Loaded System Directive: org.apache.velocity.runtime.directive.Include
2019-04-23 14:10:06,112 - Loaded System Directive: org.apache.velocity.runtime.directive.Foreach
2019-04-23 14:10:06,140 - Created '20' parsers.
2019-04-23 14:10:06,145 - Velocimacro : "velocimacro.library" is not set.  Trying default library: VM_global_library.vm
2019-04-23 14:10:06,146 - Could not load resource 'VM_global_library.vm' from ResourceLoader org.apache.velocity.runtime.resource.loader.ClasspathResourceLoader: ClasspathResourceLoader Error: cannot find resource VM_global_library.vm
2019-04-23 14:10:06,146 - Velocimacro : Default library not found.
2019-04-23 14:10:06,146 - Velocimacro : allowInline = true : VMs can be defined inline in templates
2019-04-23 14:10:06,146 - Velocimacro : allowInlineToOverride = false : VMs defined inline may NOT replace previous VM definitions
2019-04-23 14:10:06,146 - Velocimacro : allowInlineLocal = false : VMs defined inline will be global in scope if allowed.
2019-04-23 14:10:06,146 - Velocimacro : autoload off : VM system will not automatically reload global library macros
2019-04-23 14:10:06,158 - ResourceManager : found public/templates/layout.vtl with loader org.apache.velocity.runtime.resource.loader.ClasspathResourceLoader
2019-04-23 14:10:06,164 - ResourceManager : found public/templates/stylist.vtl with loader org.apache.velocity.runtime.resource.loader.ClasspathResourceLoader
2019-04-23 14:19:18,656 - ResourceManager : found public/templates/layout.vtl with loader org.apache.velocity.runtime.resource.loader.ClasspathResourceLoader
2019-04-23 14:19:18,658 - ResourceManager : found public/templates/stylist.vtl with loader org.apache.velocity.runtime.resource.loader.ClasspathResourceLoader
2019-04-23 14:23:01,554 - ResourceManager : found public/templates/layout.vtl with loader org.apache.velocity.runtime.resource.loader.ClasspathResourceLoader
2019-04-23 14:23:01,559 - ResourceManager : found public/templates/stylist.vtl with loader org.apache.velocity.runtime.resource.loader.ClasspathResourceLoader
2019-04-23 14:23:38,031 - ResourceManager : found public/templates/layout.vtl with loader org.apache.velocity.runtime.resource.loader.ClasspathResourceLoader
2019-04-23 14:23:38,032 - ResourceManager : found public/templates/stylist.vtl with loader org.apache.velocity.runtime.resource.loader.ClasspathResourceLoader
2019-04-23 14:24:08,362 - ResourceManager : found public/templates/layout.vtl with loader org.apache.velocity.runtime.resource.loader.ClasspathResourceLoader
2019-04-23 14:24:08,363 - ResourceManager : found public/templates/stylist.vtl with loader org.apache.velocity.runtime.resource.loader.ClasspathResourceLoader
2019-04-23 14:24:58,124 - ResourceManager : found public/templates/layout.vtl with loader org.apache.velocity.runtime.resource.loader.ClasspathResourceLoader
2019-04-23 14:24:58,125 - ResourceManager : found public/templates/stylist.vtl with loader org.apache.velocity.runtime.resource.loader.ClasspathResourceLoader
2019-04-23 14:25:03,463 - ResourceManager : found public/templates/layout.vtl with loader org.apache.velocity.runtime.resource.loader.ClasspathResourceLoader
2019-04-23 14:25:03,464 - ResourceManager : found public/templates/stylist.vtl with loader org.apache.velocity.runtime.resource.loader.ClasspathResourceLoader
2019-04-23 14:28:35,353 - Log4JLogChute initialized using file 'velocity.log'
2019-04-23 14:28:35,353 - Log4JLogChute initialized using file 'velocity.log'
2019-04-23 14:28:35,353 - Initializing Velocity, Calling init()...
2019-04-23 14:28:35,353 - Initializing Velocity, Calling init()...
2019-04-23 14:28:35,353 - Starting Apache Velocity v1.7 (compiled: 2010-11-19 12:14:37)
2019-04-23 14:28:35,353 - Starting Apache Velocity v1.7 (compiled: 2010-11-19 12:14:37)
2019-04-23 14:28:35,354 - Default Properties File: org/apache/velocity/runtime/defaults/velocity.properties
2019-04-23 14:28:35,354 - Default Properties File: org/apache/velocity/runtime/defaults/velocity.properties
2019-04-23 14:28:35,354 - Trying to use logger class org.apache.velocity.runtime.log.AvalonLogChute
2019-04-23 14:28:35,354 - Trying to use logger class org.apache.velocity.runtime.log.AvalonLogChute
2019-04-23 14:28:35,354 - Target log system for org.apache.velocity.runtime.log.AvalonLogChute is not available (java.lang.NoClassDefFoundError: org/apache/log/format/Formatter).  Falling back to next log system...
2019-04-23 14:28:35,354 - Target log system for org.apache.velocity.runtime.log.AvalonLogChute is not available (java.lang.NoClassDefFoundError: org/apache/log/format/Formatter).  Falling back to next log system...
2019-04-23 14:28:35,354 - Trying to use logger class org.apache.velocity.runtime.log.Log4JLogChute
2019-04-23 14:28:35,354 - Trying to use logger class org.apache.velocity.runtime.log.Log4JLogChute
2019-04-23 14:28:35,354 - Using logger class org.apache.velocity.runtime.log.Log4JLogChute
2019-04-23 14:28:35,354 - Using logger class org.apache.velocity.runtime.log.Log4JLogChute
2019-04-23 14:28:35,354 - ResourceLoader instantiated: org.apache.velocity.runtime.resource.loader.ClasspathResourceLoader
2019-04-23 14:28:35,354 - ResourceLoader instantiated: org.apache.velocity.runtime.resource.loader.ClasspathResourceLoader
2019-04-23 14:28:35,354 - ResourceCache: initialized (class org.apache.velocity.runtime.resource.ResourceCacheImpl) with class java.util.Collections$SynchronizedMap cache map.
2019-04-23 14:28:35,354 - ResourceCache: initialized (class org.apache.velocity.runtime.resource.ResourceCacheImpl) with class java.util.Collections$SynchronizedMap cache map.
2019-04-23 14:28:35,355 - Loaded System Directive: org.apache.velocity.runtime.directive.Stop
2019-04-23 14:28:35,355 - Loaded System Directive: org.apache.velocity.runtime.directive.Stop
2019-04-23 14:28:35,355 - Loaded System Directive: org.apache.velocity.runtime.directive.Define
2019-04-23 14:28:35,355 - Loaded System Directive: org.apache.velocity.runtime.directive.Define
2019-04-23 14:28:35,355 - Loaded System Directive: org.apache.velocity.runtime.directive.Break
2019-04-23 14:28:35,355 - Loaded System Directive: org.apache.velocity.runtime.directive.Break
2019-04-23 14:28:35,355 - Loaded System Directive: org.apache.velocity.runtime.directive.Evaluate
2019-04-23 14:28:35,355 - Loaded System Directive: org.apache.velocity.runtime.directive.Evaluate
2019-04-23 14:28:35,355 - Loaded System Directive: org.apache.velocity.runtime.directive.Literal
2019-04-23 14:28:35,355 - Loaded System Directive: org.apache.velocity.runtime.directive.Literal
2019-04-23 14:28:35,355 - Loaded System Directive: org.apache.velocity.runtime.directive.Macro
2019-04-23 14:28:35,355 - Loaded System Directive: org.apache.velocity.runtime.directive.Macro
2019-04-23 14:28:35,355 - Loaded System Directive: org.apache.velocity.runtime.directive.Parse
2019-04-23 14:28:35,355 - Loaded System Directive: org.apache.velocity.runtime.directive.Parse
2019-04-23 14:28:35,355 - Loaded System Directive: org.apache.velocity.runtime.directive.Include
2019-04-23 14:28:35,355 - Loaded System Directive: org.apache.velocity.runtime.directive.Include
2019-04-23 14:28:35,355 - Loaded System Directive: org.apache.velocity.runtime.directive.Foreach
2019-04-23 14:28:35,355 - Loaded System Directive: org.apache.velocity.runtime.directive.Foreach
2019-04-23 14:28:35,357 - Created '20' parsers.
2019-04-23 14:28:35,357 - Created '20' parsers.
2019-04-23 14:28:35,357 - Velocimacro : "velocimacro.library" is not set.  Trying default library: VM_global_library.vm
2019-04-23 14:28:35,357 - Velocimacro : "velocimacro.library" is not set.  Trying default library: VM_global_library.vm
2019-04-23 14:28:35,357 - Could not load resource 'VM_global_library.vm' from ResourceLoader org.apache.velocity.runtime.resource.loader.ClasspathResourceLoader: ClasspathResourceLoader Error: cannot find resource VM_global_library.vm
2019-04-23 14:28:35,357 - Could not load resource 'VM_global_library.vm' from ResourceLoader org.apache.velocity.runtime.resource.loader.ClasspathResourceLoader: ClasspathResourceLoader Error: cannot find resource VM_global_library.vm
2019-04-23 14:28:35,357 - Velocimacro : Default library not found.
2019-04-23 14:28:35,357 - Velocimacro : Default library not found.
2019-04-23 14:28:35,357 - Velocimacro : allowInline = true : VMs can be defined inline in templates
2019-04-23 14:28:35,357 - Velocimacro : allowInline = true : VMs can be defined inline in templates
2019-04-23 14:28:35,357 - Velocimacro : allowInlineToOverride = false : VMs defined inline may NOT replace previous VM definitions
2019-04-23 14:28:35,357 - Velocimacro : allowInlineToOverride = false : VMs defined inline may NOT replace previous VM definitions
2019-04-23 14:28:35,357 - Velocimacro : allowInlineLocal = false : VMs defined inline will be global in scope if allowed.
2019-04-23 14:28:35,357 - Velocimacro : allowInlineLocal = false : VMs defined inline will be global in scope if allowed.
2019-04-23 14:28:35,357 - Velocimacro : autoload off : VM system will not automatically reload global library macros
2019-04-23 14:28:35,357 - Velocimacro : autoload off : VM system will not automatically reload global library macros
2019-04-23 14:28:35,359 - ResourceManager : found public/templates/layout.vtl with loader org.apache.velocity.runtime.resource.loader.ClasspathResourceLoader
2019-04-23 14:28:35,359 - ResourceManager : found public/templates/layout.vtl with loader org.apache.velocity.runtime.resource.loader.ClasspathResourceLoader
2019-04-23 14:28:35,360 - ResourceManager : found public/templates/index.vtl with loader org.apache.velocity.runtime.resource.loader.ClasspathResourceLoader
2019-04-23 14:28:35,360 - ResourceManager : found public/templates/index.vtl with loader org.apache.velocity.runtime.resource.loader.ClasspathResourceLoader
2019-04-23 14:41:02,001 - Log4JLogChute initialized using file 'velocity.log'
2019-04-23 14:41:02,001 - Log4JLogChute initialized using file 'velocity.log'
2019-04-23 14:41:02,001 - Log4JLogChute initialized using file 'velocity.log'
2019-04-23 14:41:02,001 - Initializing Velocity, Calling init()...
2019-04-23 14:41:02,001 - Initializing Velocity, Calling init()...
2019-04-23 14:41:02,001 - Initializing Velocity, Calling init()...
2019-04-23 14:41:02,002 - Starting Apache Velocity v1.7 (compiled: 2010-11-19 12:14:37)
2019-04-23 14:41:02,002 - Starting Apache Velocity v1.7 (compiled: 2010-11-19 12:14:37)
2019-04-23 14:41:02,002 - Starting Apache Velocity v1.7 (compiled: 2010-11-19 12:14:37)
2019-04-23 14:41:02,002 - Default Properties File: org/apache/velocity/runtime/defaults/velocity.properties
2019-04-23 14:41:02,002 - Default Properties File: org/apache/velocity/runtime/defaults/velocity.properties
2019-04-23 14:41:02,002 - Default Properties File: org/apache/velocity/runtime/defaults/velocity.properties
2019-04-23 14:41:02,002 - Trying to use logger class org.apache.velocity.runtime.log.AvalonLogChute
2019-04-23 14:41:02,002 - Trying to use logger class org.apache.velocity.runtime.log.AvalonLogChute
2019-04-23 14:41:02,002 - Trying to use logger class org.apache.velocity.runtime.log.AvalonLogChute
2019-04-23 14:41:02,002 - Target log system for org.apache.velocity.runtime.log.AvalonLogChute is not available (java.lang.NoClassDefFoundError: org/apache/log/format/Formatter).  Falling back to next log system...
2019-04-23 14:41:02,002 - Target log system for org.apache.velocity.runtime.log.AvalonLogChute is not available (java.lang.NoClassDefFoundError: org/apache/log/format/Formatter).  Falling back to next log system...
2019-04-23 14:41:02,002 - Target log system for org.apache.velocity.runtime.log.AvalonLogChute is not available (java.lang.NoClassDefFoundError: org/apache/log/format/Formatter).  Falling back to next log system...
2019-04-23 14:41:02,002 - Trying to use logger class org.apache.velocity.runtime.log.Log4JLogChute
2019-04-23 14:41:02,002 - Trying to use logger class org.apache.velocity.runtime.log.Log4JLogChute
2019-04-23 14:41:02,002 - Trying to use logger class org.apache.velocity.runtime.log.Log4JLogChute
2019-04-23 14:41:02,003 - Using logger class org.apache.velocity.runtime.log.Log4JLogChute
2019-04-23 14:41:02,003 - Using logger class org.apache.velocity.runtime.log.Log4JLogChute
2019-04-23 14:41:02,003 - Using logger class org.apache.velocity.runtime.log.Log4JLogChute
2019-04-23 14:41:02,003 - ResourceLoader instantiated: org.apache.velocity.runtime.resource.loader.ClasspathResourceLoader
2019-04-23 14:41:02,003 - ResourceLoader instantiated: org.apache.velocity.runtime.resource.loader.ClasspathResourceLoader
2019-04-23 14:41:02,003 - ResourceLoader instantiated: org.apache.velocity.runtime.resource.loader.ClasspathResourceLoader
2019-04-23 14:41:02,003 - ResourceCache: initialized (class org.apache.velocity.runtime.resource.ResourceCacheImpl) with class java.util.Collections$SynchronizedMap cache map.
2019-04-23 14:41:02,003 - ResourceCache: initialized (class org.apache.velocity.runtime.resource.ResourceCacheImpl) with class java.util.Collections$SynchronizedMap cache map.
2019-04-23 14:41:02,003 - ResourceCache: initialized (class org.apache.velocity.runtime.resource.ResourceCacheImpl) with class java.util.Collections$SynchronizedMap cache map.
2019-04-23 14:41:02,004 - Loaded System Directive: org.apache.velocity.runtime.directive.Stop
2019-04-23 14:41:02,004 - Loaded System Directive: org.apache.velocity.runtime.directive.Stop
2019-04-23 14:41:02,004 - Loaded System Directive: org.apache.velocity.runtime.directive.Stop
2019-04-23 14:41:02,004 - Loaded System Directive: org.apache.velocity.runtime.directive.Define
2019-04-23 14:41:02,004 - Loaded System Directive: org.apache.velocity.runtime.directive.Define
2019-04-23 14:41:02,004 - Loaded System Directive: org.apache.velocity.runtime.directive.Define
2019-04-23 14:41:02,005 - Loaded System Directive: org.apache.velocity.runtime.directive.Break
2019-04-23 14:41:02,005 - Loaded System Directive: org.apache.velocity.runtime.directive.Break
2019-04-23 14:41:02,005 - Loaded System Directive: org.apache.velocity.runtime.directive.Break
2019-04-23 14:41:02,005 - Loaded System Directive: org.apache.velocity.runtime.directive.Evaluate
2019-04-23 14:41:02,005 - Loaded System Directive: org.apache.velocity.runtime.directive.Evaluate
2019-04-23 14:41:02,005 - Loaded System Directive: org.apache.velocity.runtime.directive.Evaluate
2019-04-23 14:41:02,005 - Loaded System Directive: org.apache.velocity.runtime.directive.Literal
2019-04-23 14:41:02,005 - Loaded System Directive: org.apache.velocity.runtime.directive.Literal
2019-04-23 14:41:02,005 - Loaded System Directive: org.apache.velocity.runtime.directive.Literal
2019-04-23 14:41:02,005 - Loaded System Directive: org.apache.velocity.runtime.directive.Macro
2019-04-23 14:41:02,005 - Loaded System Directive: org.apache.velocity.runtime.directive.Macro
2019-04-23 14:41:02,005 - Loaded System Directive: org.apache.velocity.runtime.directive.Macro
2019-04-23 14:41:02,005 - Loaded System Directive: org.apache.velocity.runtime.directive.Parse
2019-04-23 14:41:02,005 - Loaded System Directive: org.apache.velocity.runtime.directive.Parse
2019-04-23 14:41:02,005 - Loaded System Directive: org.apache.velocity.runtime.directive.Parse
2019-04-23 14:41:02,005 - Loaded System Directive: org.apache.velocity.runtime.directive.Include
2019-04-23 14:41:02,005 - Loaded System Directive: org.apache.velocity.runtime.directive.Include
2019-04-23 14:41:02,005 - Loaded System Directive: org.apache.velocity.runtime.directive.Include
2019-04-23 14:41:02,005 - Loaded System Directive: org.apache.velocity.runtime.directive.Foreach
2019-04-23 14:41:02,005 - Loaded System Directive: org.apache.velocity.runtime.directive.Foreach
2019-04-23 14:41:02,005 - Loaded System Directive: org.apache.velocity.runtime.directive.Foreach
2019-04-23 14:41:02,006 - Created '20' parsers.
2019-04-23 14:41:02,006 - Created '20' parsers.
2019-04-23 14:41:02,006 - Created '20' parsers.
2019-04-23 14:41:02,006 - Velocimacro : "velocimacro.library" is not set.  Trying default library: VM_global_library.vm
2019-04-23 14:41:02,006 - Velocimacro : "velocimacro.library" is not set.  Trying default library: VM_global_library.vm
2019-04-23 14:41:02,006 - Velocimacro : "velocimacro.library" is not set.  Trying default library: VM_global_library.vm
2019-04-23 14:41:02,007 - Could not load resource 'VM_global_library.vm' from ResourceLoader org.apache.velocity.runtime.resource.loader.ClasspathResourceLoader: ClasspathResourceLoader Error: cannot find resource VM_global_library.vm
2019-04-23 14:41:02,007 - Could not load resource 'VM_global_library.vm' from ResourceLoader org.apache.velocity.runtime.resource.loader.ClasspathResourceLoader: ClasspathResourceLoader Error: cannot find resource VM_global_library.vm
2019-04-23 14:41:02,007 - Could not load resource 'VM_global_library.vm' from ResourceLoader org.apache.velocity.runtime.resource.loader.ClasspathResourceLoader: ClasspathResourceLoader Error: cannot find resource VM_global_library.vm
2019-04-23 14:41:02,007 - Velocimacro : Default library not found.
2019-04-23 14:41:02,007 - Velocimacro : Default library not found.
2019-04-23 14:41:02,007 - Velocimacro : Default library not found.
2019-04-23 14:41:02,007 - Velocimacro : allowInline = true : VMs can be defined inline in templates
2019-04-23 14:41:02,007 - Velocimacro : allowInline = true : VMs can be defined inline in templates
2019-04-23 14:41:02,007 - Velocimacro : allowInline = true : VMs can be defined inline in templates
2019-04-23 14:41:02,007 - Velocimacro : allowInlineToOverride = false : VMs defined inline may NOT replace previous VM definitions
2019-04-23 14:41:02,007 - Velocimacro : allowInlineToOverride = false : VMs defined inline may NOT replace previous VM definitions
2019-04-23 14:41:02,007 - Velocimacro : allowInlineToOverride = false : VMs defined inline may NOT replace previous VM definitions
2019-04-23 14:41:02,007 - Velocimacro : allowInlineLocal = false : VMs defined inline will be global in scope if allowed.
2019-04-23 14:41:02,007 - Velocimacro : allowInlineLocal = false : VMs defined inline will be global in scope if allowed.
2019-04-23 14:41:02,007 - Velocimacro : allowInlineLocal = false : VMs defined inline will be global in scope if allowed.
2019-04-23 14:41:02,007 - Velocimacro : autoload off : VM system will not automatically reload global library macros
2019-04-23 14:41:02,007 - Velocimacro : autoload off : VM system will not automatically reload global library macros
2019-04-23 14:41:02,007 - Velocimacro : autoload off : VM system will not automatically reload global library macros
2019-04-23 14:41:02,009 - ResourceManager : found public/templates/layout.vtl with loader org.apache.velocity.runtime.resource.loader.ClasspathResourceLoader
2019-04-23 14:41:02,009 - ResourceManager : found public/templates/layout.vtl with loader org.apache.velocity.runtime.resource.loader.ClasspathResourceLoader
2019-04-23 14:41:02,009 - ResourceManager : found public/templates/layout.vtl with loader org.apache.velocity.runtime.resource.loader.ClasspathResourceLoader
2019-04-23 14:41:02,010 - ResourceManager : found public/templates/admin.vtl with loader org.apache.velocity.runtime.resource.loader.ClasspathResourceLoader
2019-04-23 14:41:02,010 - ResourceManager : found public/templates/admin.vtl with loader org.apache.velocity.runtime.resource.loader.ClasspathResourceLoader
2019-04-23 14:41:02,010 - ResourceManager : found public/templates/admin.vtl with loader org.apache.velocity.runtime.resource.loader.ClasspathResourceLoader
2019-04-23 14:41:04,260 - Log4JLogChute initialized using file 'velocity.log'
2019-04-23 14:41:04,260 - Log4JLogChute initialized using file 'velocity.log'
2019-04-23 14:41:04,260 - Log4JLogChute initialized using file 'velocity.log'
2019-04-23 14:41:04,260 - Log4JLogChute initialized using file 'velocity.log'
2019-04-23 14:41:04,262 - Initializing Velocity, Calling init()...
2019-04-23 14:41:04,262 - Initializing Velocity, Calling init()...
2019-04-23 14:41:04,262 - Initializing Velocity, Calling init()...
2019-04-23 14:41:04,262 - Initializing Velocity, Calling init()...
2019-04-23 14:41:04,262 - Starting Apache Velocity v1.7 (compiled: 2010-11-19 12:14:37)
2019-04-23 14:41:04,262 - Starting Apache Velocity v1.7 (compiled: 2010-11-19 12:14:37)
2019-04-23 14:41:04,262 - Starting Apache Velocity v1.7 (compiled: 2010-11-19 12:14:37)
2019-04-23 14:41:04,262 - Starting Apache Velocity v1.7 (compiled: 2010-11-19 12:14:37)
2019-04-23 14:41:04,263 - Default Properties File: org/apache/velocity/runtime/defaults/velocity.properties
2019-04-23 14:41:04,263 - Default Properties File: org/apache/velocity/runtime/defaults/velocity.properties
2019-04-23 14:41:04,263 - Default Properties File: org/apache/velocity/runtime/defaults/velocity.properties
2019-04-23 14:41:04,263 - Default Properties File: org/apache/velocity/runtime/defaults/velocity.properties
2019-04-23 14:41:04,263 - Trying to use logger class org.apache.velocity.runtime.log.AvalonLogChute
2019-04-23 14:41:04,263 - Trying to use logger class org.apache.velocity.runtime.log.AvalonLogChute
2019-04-23 14:41:04,263 - Trying to use logger class org.apache.velocity.runtime.log.AvalonLogChute
2019-04-23 14:41:04,263 - Trying to use logger class org.apache.velocity.runtime.log.AvalonLogChute
2019-04-23 14:41:04,263 - Target log system for org.apache.velocity.runtime.log.AvalonLogChute is not available (java.lang.NoClassDefFoundError: org/apache/log/format/Formatter).  Falling back to next log system...
2019-04-23 14:41:04,263 - Target log system for org.apache.velocity.runtime.log.AvalonLogChute is not available (java.lang.NoClassDefFoundError: org/apache/log/format/Formatter).  Falling back to next log system...
2019-04-23 14:41:04,263 - Target log system for org.apache.velocity.runtime.log.AvalonLogChute is not available (java.lang.NoClassDefFoundError: org/apache/log/format/Formatter).  Falling back to next log system...
2019-04-23 14:41:04,263 - Target log system for org.apache.velocity.runtime.log.AvalonLogChute is not available (java.lang.NoClassDefFoundError: org/apache/log/format/Formatter).  Falling back to next log system...
2019-04-23 14:41:04,263 - Trying to use logger class org.apache.velocity.runtime.log.Log4JLogChute
2019-04-23 14:41:04,263 - Trying to use logger class org.apache.velocity.runtime.log.Log4JLogChute
2019-04-23 14:41:04,263 - Trying to use logger class org.apache.velocity.runtime.log.Log4JLogChute
2019-04-23 14:41:04,263 - Trying to use logger class org.apache.velocity.runtime.log.Log4JLogChute
2019-04-23 14:41:04,263 - Using logger class org.apache.velocity.runtime.log.Log4JLogChute
2019-04-23 14:41:04,263 - Using logger class org.apache.velocity.runtime.log.Log4JLogChute
2019-04-23 14:41:04,263 - Using logger class org.apache.velocity.runtime.log.Log4JLogChute
2019-04-23 14:41:04,263 - Using logger class org.apache.velocity.runtime.log.Log4JLogChute
2019-04-23 14:41:04,263 - ResourceLoader instantiated: org.apache.velocity.runtime.resource.loader.ClasspathResourceLoader
2019-04-23 14:41:04,263 - ResourceLoader instantiated: org.apache.velocity.runtime.resource.loader.ClasspathResourceLoader
2019-04-23 14:41:04,263 - ResourceLoader instantiated: org.apache.velocity.runtime.resource.loader.ClasspathResourceLoader
2019-04-23 14:41:04,263 - ResourceLoader instantiated: org.apache.velocity.runtime.resource.loader.ClasspathResourceLoader
2019-04-23 14:41:04,264 - ResourceCache: initialized (class org.apache.velocity.runtime.resource.ResourceCacheImpl) with class java.util.Collections$SynchronizedMap cache map.
2019-04-23 14:41:04,264 - ResourceCache: initialized (class org.apache.velocity.runtime.resource.ResourceCacheImpl) with class java.util.Collections$SynchronizedMap cache map.
2019-04-23 14:41:04,264 - ResourceCache: initialized (class org.apache.velocity.runtime.resource.ResourceCacheImpl) with class java.util.Collections$SynchronizedMap cache map.
2019-04-23 14:41:04,264 - ResourceCache: initialized (class org.apache.velocity.runtime.resource.ResourceCacheImpl) with class java.util.Collections$SynchronizedMap cache map.
2019-04-23 14:41:04,265 - Loaded System Directive: org.apache.velocity.runtime.directive.Stop
2019-04-23 14:41:04,265 - Loaded System Directive: org.apache.velocity.runtime.directive.Stop
2019-04-23 14:41:04,265 - Loaded System Directive: org.apache.velocity.runtime.directive.Stop
2019-04-23 14:41:04,265 - Loaded System Directive: org.apache.velocity.runtime.directive.Stop
2019-04-23 14:41:04,266 - Loaded System Directive: org.apache.velocity.runtime.directive.Define
2019-04-23 14:41:04,266 - Loaded System Directive: org.apache.velocity.runtime.directive.Define
2019-04-23 14:41:04,266 - Loaded System Directive: org.apache.velocity.runtime.directive.Define
2019-04-23 14:41:04,266 - Loaded System Directive: org.apache.velocity.runtime.directive.Define
2019-04-23 14:41:04,266 - Loaded System Directive: org.apache.velocity.runtime.directive.Break
2019-04-23 14:41:04,266 - Loaded System Directive: org.apache.velocity.runtime.directive.Break
2019-04-23 14:41:04,266 - Loaded System Directive: org.apache.velocity.runtime.directive.Break
2019-04-23 14:41:04,266 - Loaded System Directive: org.apache.velocity.runtime.directive.Break
2019-04-23 14:41:04,266 - Loaded System Directive: org.apache.velocity.runtime.directive.Evaluate
2019-04-23 14:41:04,266 - Loaded System Directive: org.apache.velocity.runtime.directive.Evaluate
2019-04-23 14:41:04,266 - Loaded System Directive: org.apache.velocity.runtime.directive.Evaluate
2019-04-23 14:41:04,266 - Loaded System Directive: org.apache.velocity.runtime.directive.Evaluate
2019-04-23 14:41:04,266 - Loaded System Directive: org.apache.velocity.runtime.directive.Literal
2019-04-23 14:41:04,266 - Loaded System Directive: org.apache.velocity.runtime.directive.Literal
2019-04-23 14:41:04,266 - Loaded System Directive: org.apache.velocity.runtime.directive.Literal
2019-04-23 14:41:04,266 - Loaded System Directive: org.apache.velocity.runtime.directive.Literal
2019-04-23 14:41:04,266 - Loaded System Directive: org.apache.velocity.runtime.directive.Macro
2019-04-23 14:41:04,266 - Loaded System Directive: org.apache.velocity.runtime.directive.Macro
2019-04-23 14:41:04,266 - Loaded System Directive: org.apache.velocity.runtime.directive.Macro
2019-04-23 14:41:04,266 - Loaded System Directive: org.apache.velocity.runtime.directive.Macro
2019-04-23 14:41:04,267 - Loaded System Directive: org.apache.velocity.runtime.directive.Parse
2019-04-23 14:41:04,267 - Loaded System Directive: org.apache.velocity.runtime.directive.Parse
2019-04-23 14:41:04,267 - Loaded System Directive: org.apache.velocity.runtime.directive.Parse
2019-04-23 14:41:04,267 - Loaded System Directive: org.apache.velocity.runtime.directive.Parse
2019-04-23 14:41:04,267 - Loaded System Directive: org.apache.velocity.runtime.directive.Include
2019-04-23 14:41:04,267 - Loaded System Directive: org.apache.velocity.runtime.directive.Include
2019-04-23 14:41:04,267 - Loaded System Directive: org.apache.velocity.runtime.directive.Include
2019-04-23 14:41:04,267 - Loaded System Directive: org.apache.velocity.runtime.directive.Include
2019-04-23 14:41:04,267 - Loaded System Directive: org.apache.velocity.runtime.directive.Foreach
2019-04-23 14:41:04,267 - Loaded System Directive: org.apache.velocity.runtime.directive.Foreach
2019-04-23 14:41:04,267 - Loaded System Directive: org.apache.velocity.runtime.directive.Foreach
2019-04-23 14:41:04,267 - Loaded System Directive: org.apache.velocity.runtime.directive.Foreach
2019-04-23 14:41:04,272 - Created '20' parsers.
2019-04-23 14:41:04,272 - Created '20' parsers.
2019-04-23 14:41:04,272 - Created '20' parsers.
2019-04-23 14:41:04,272 - Created '20' parsers.
2019-04-23 14:41:04,272 - Velocimacro : "velocimacro.library" is not set.  Trying default library: VM_global_library.vm
2019-04-23 14:41:04,272 - Velocimacro : "velocimacro.library" is not set.  Trying default library: VM_global_library.vm
2019-04-23 14:41:04,272 - Velocimacro : "velocimacro.library" is not set.  Trying default library: VM_global_library.vm
2019-04-23 14:41:04,272 - Velocimacro : "velocimacro.library" is not set.  Trying default library: VM_global_library.vm
2019-04-23 14:41:04,273 - Could not load resource 'VM_global_library.vm' from ResourceLoader org.apache.velocity.runtime.resource.loader.ClasspathResourceLoader: ClasspathResourceLoader Error: cannot find resource VM_global_library.vm
2019-04-23 14:41:04,273 - Could not load resource 'VM_global_library.vm' from ResourceLoader org.apache.velocity.runtime.resource.loader.ClasspathResourceLoader: ClasspathResourceLoader Error: cannot find resource VM_global_library.vm
2019-04-23 14:41:04,273 - Could not load resource 'VM_global_library.vm' from ResourceLoader org.apache.velocity.runtime.resource.loader.ClasspathResourceLoader: ClasspathResourceLoader Error: cannot find resource VM_global_library.vm
2019-04-23 14:41:04,273 - Could not load resource 'VM_global_library.vm' from ResourceLoader org.apache.velocity.runtime.resource.loader.ClasspathResourceLoader: ClasspathResourceLoader Error: cannot find resource VM_global_library.vm
2019-04-23 14:41:04,273 - Velocimacro : Default library not found.
2019-04-23 14:41:04,273 - Velocimacro : Default library not found.
2019-04-23 14:41:04,273 - Velocimacro : Default library not found.
2019-04-23 14:41:04,273 - Velocimacro : Default library not found.
2019-04-23 14:41:04,273 - Velocimacro : allowInline = true : VMs can be defined inline in templates
2019-04-23 14:41:04,273 - Velocimacro : allowInline = true : VMs can be defined inline in templates
2019-04-23 14:41:04,273 - Velocimacro : allowInline = true : VMs can be defined inline in templates
2019-04-23 14:41:04,273 - Velocimacro : allowInline = true : VMs can be defined inline in templates
2019-04-23 14:41:04,273 - Velocimacro : allowInlineToOverride = false : VMs defined inline may NOT replace previous VM definitions
2019-04-23 14:41:04,273 - Velocimacro : allowInlineToOverride = false : VMs defined inline may NOT replace previous VM definitions
2019-04-23 14:41:04,273 - Velocimacro : allowInlineToOverride = false : VMs defined inline may NOT replace previous VM definitions
2019-04-23 14:41:04,273 - Velocimacro : allowInlineToOverride = false : VMs defined inline may NOT replace previous VM definitions
2019-04-23 14:41:04,273 - Velocimacro : allowInlineLocal = false : VMs defined inline will be global in scope if allowed.
2019-04-23 14:41:04,273 - Velocimacro : allowInlineLocal = false : VMs defined inline will be global in scope if allowed.
2019-04-23 14:41:04,273 - Velocimacro : allowInlineLocal = false : VMs defined inline will be global in scope if allowed.
2019-04-23 14:41:04,273 - Velocimacro : allowInlineLocal = false : VMs defined inline will be global in scope if allowed.
2019-04-23 14:41:04,273 - Velocimacro : autoload off : VM system will not automatically reload global library macros
2019-04-23 14:41:04,273 - Velocimacro : autoload off : VM system will not automatically reload global library macros
2019-04-23 14:41:04,273 - Velocimacro : autoload off : VM system will not automatically reload global library macros
2019-04-23 14:41:04,273 - Velocimacro : autoload off : VM system will not automatically reload global library macros
2019-04-23 14:41:04,275 - ResourceManager : found public/templates/layout.vtl with loader org.apache.velocity.runtime.resource.loader.ClasspathResourceLoader
2019-04-23 14:41:04,275 - ResourceManager : found public/templates/layout.vtl with loader org.apache.velocity.runtime.resource.loader.ClasspathResourceLoader
2019-04-23 14:41:04,275 - ResourceManager : found public/templates/layout.vtl with loader org.apache.velocity.runtime.resource.loader.ClasspathResourceLoader
2019-04-23 14:41:04,275 - ResourceManager : found public/templates/layout.vtl with loader org.apache.velocity.runtime.resource.loader.ClasspathResourceLoader
2019-04-23 14:41:04,277 - ResourceManager : found public/templates/stylistForm.vtl with loader org.apache.velocity.runtime.resource.loader.ClasspathResourceLoader
2019-04-23 14:41:04,277 - ResourceManager : found public/templates/stylistForm.vtl with loader org.apache.velocity.runtime.resource.loader.ClasspathResourceLoader
2019-04-23 14:41:04,277 - ResourceManager : found public/templates/stylistForm.vtl with loader org.apache.velocity.runtime.resource.loader.ClasspathResourceLoader
2019-04-23 14:41:04,277 - ResourceManager : found public/templates/stylistForm.vtl with loader org.apache.velocity.runtime.resource.loader.ClasspathResourceLoader
2019-04-23 14:41:08,162 - Log4JLogChute initialized using file 'velocity.log'
2019-04-23 14:41:08,162 - Log4JLogChute initialized using file 'velocity.log'
2019-04-23 14:41:08,162 - Log4JLogChute initialized using file 'velocity.log'
2019-04-23 14:41:08,162 - Log4JLogChute initialized using file 'velocity.log'
2019-04-23 14:41:08,162 - Log4JLogChute initialized using file 'velocity.log'
2019-04-23 14:41:08,164 - Initializing Velocity, Calling init()...
2019-04-23 14:41:08,164 - Initializing Velocity, Calling init()...
2019-04-23 14:41:08,164 - Initializing Velocity, Calling init()...
2019-04-23 14:41:08,164 - Initializing Velocity, Calling init()...
2019-04-23 14:41:08,164 - Initializing Velocity, Calling init()...
2019-04-23 14:41:08,165 - Starting Apache Velocity v1.7 (compiled: 2010-11-19 12:14:37)
2019-04-23 14:41:08,165 - Starting Apache Velocity v1.7 (compiled: 2010-11-19 12:14:37)
2019-04-23 14:41:08,165 - Starting Apache Velocity v1.7 (compiled: 2010-11-19 12:14:37)
2019-04-23 14:41:08,165 - Starting Apache Velocity v1.7 (compiled: 2010-11-19 12:14:37)
2019-04-23 14:41:08,165 - Starting Apache Velocity v1.7 (compiled: 2010-11-19 12:14:37)
2019-04-23 14:41:08,165 - Default Properties File: org/apache/velocity/runtime/defaults/velocity.properties
2019-04-23 14:41:08,165 - Default Properties File: org/apache/velocity/runtime/defaults/velocity.properties
2019-04-23 14:41:08,165 - Default Properties File: org/apache/velocity/runtime/defaults/velocity.properties
2019-04-23 14:41:08,165 - Default Properties File: org/apache/velocity/runtime/defaults/velocity.properties
2019-04-23 14:41:08,165 - Default Properties File: org/apache/velocity/runtime/defaults/velocity.properties
2019-04-23 14:41:08,166 - Trying to use logger class org.apache.velocity.runtime.log.AvalonLogChute
2019-04-23 14:41:08,166 - Trying to use logger class org.apache.velocity.runtime.log.AvalonLogChute
2019-04-23 14:41:08,166 - Trying to use logger class org.apache.velocity.runtime.log.AvalonLogChute
2019-04-23 14:41:08,166 - Trying to use logger class org.apache.velocity.runtime.log.AvalonLogChute
2019-04-23 14:41:08,166 - Trying to use logger class org.apache.velocity.runtime.log.AvalonLogChute
2019-04-23 14:41:08,166 - Target log system for org.apache.velocity.runtime.log.AvalonLogChute is not available (java.lang.NoClassDefFoundError: org/apache/log/format/Formatter).  Falling back to next log system...
2019-04-23 14:41:08,166 - Target log system for org.apache.velocity.runtime.log.AvalonLogChute is not available (java.lang.NoClassDefFoundError: org/apache/log/format/Formatter).  Falling back to next log system...
2019-04-23 14:41:08,166 - Target log system for org.apache.velocity.runtime.log.AvalonLogChute is not available (java.lang.NoClassDefFoundError: org/apache/log/format/Formatter).  Falling back to next log system...
2019-04-23 14:41:08,166 - Target log system for org.apache.velocity.runtime.log.AvalonLogChute is not available (java.lang.NoClassDefFoundError: org/apache/log/format/Formatter).  Falling back to next log system...
2019-04-23 14:41:08,166 - Target log system for org.apache.velocity.runtime.log.AvalonLogChute is not available (java.lang.NoClassDefFoundError: org/apache/log/format/Formatter).  Falling back to next log system...
2019-04-23 14:41:08,166 - Trying to use logger class org.apache.velocity.runtime.log.Log4JLogChute
2019-04-23 14:41:08,166 - Trying to use logger class org.apache.velocity.runtime.log.Log4JLogChute
2019-04-23 14:41:08,166 - Trying to use logger class org.apache.velocity.runtime.log.Log4JLogChute
2019-04-23 14:41:08,166 - Trying to use logger class org.apache.velocity.runtime.log.Log4JLogChute
2019-04-23 14:41:08,166 - Trying to use logger class org.apache.velocity.runtime.log.Log4JLogChute
2019-04-23 14:41:08,166 - Using logger class org.apache.velocity.runtime.log.Log4JLogChute
2019-04-23 14:41:08,166 - Using logger class org.apache.velocity.runtime.log.Log4JLogChute
2019-04-23 14:41:08,166 - Using logger class org.apache.velocity.runtime.log.Log4JLogChute
2019-04-23 14:41:08,166 - Using logger class org.apache.velocity.runtime.log.Log4JLogChute
2019-04-23 14:41:08,166 - Using logger class org.apache.velocity.runtime.log.Log4JLogChute
2019-04-23 14:41:08,167 - ResourceLoader instantiated: org.apache.velocity.runtime.resource.loader.ClasspathResourceLoader
2019-04-23 14:41:08,167 - ResourceLoader instantiated: org.apache.velocity.runtime.resource.loader.ClasspathResourceLoader
2019-04-23 14:41:08,167 - ResourceLoader instantiated: org.apache.velocity.runtime.resource.loader.ClasspathResourceLoader
2019-04-23 14:41:08,167 - ResourceLoader instantiated: org.apache.velocity.runtime.resource.loader.ClasspathResourceLoader
2019-04-23 14:41:08,167 - ResourceLoader instantiated: org.apache.velocity.runtime.resource.loader.ClasspathResourceLoader
2019-04-23 14:41:08,167 - ResourceCache: initialized (class org.apache.velocity.runtime.resource.ResourceCacheImpl) with class java.util.Collections$SynchronizedMap cache map.
2019-04-23 14:41:08,167 - ResourceCache: initialized (class org.apache.velocity.runtime.resource.ResourceCacheImpl) with class java.util.Collections$SynchronizedMap cache map.
2019-04-23 14:41:08,167 - ResourceCache: initialized (class org.apache.velocity.runtime.resource.ResourceCacheImpl) with class java.util.Collections$SynchronizedMap cache map.
2019-04-23 14:41:08,167 - ResourceCache: initialized (class org.apache.velocity.runtime.resource.ResourceCacheImpl) with class java.util.Collections$SynchronizedMap cache map.
2019-04-23 14:41:08,167 - ResourceCache: initialized (class org.apache.velocity.runtime.resource.ResourceCacheImpl) with class java.util.Collections$SynchronizedMap cache map.
2019-04-23 14:41:08,169 - Loaded System Directive: org.apache.velocity.runtime.directive.Stop
2019-04-23 14:41:08,169 - Loaded System Directive: org.apache.velocity.runtime.directive.Stop
2019-04-23 14:41:08,169 - Loaded System Directive: org.apache.velocity.runtime.directive.Stop
2019-04-23 14:41:08,169 - Loaded System Directive: org.apache.velocity.runtime.directive.Stop
2019-04-23 14:41:08,169 - Loaded System Directive: org.apache.velocity.runtime.directive.Stop
2019-04-23 14:41:08,169 - Loaded System Directive: org.apache.velocity.runtime.directive.Define
2019-04-23 14:41:08,169 - Loaded System Directive: org.apache.velocity.runtime.directive.Define
2019-04-23 14:41:08,169 - Loaded System Directive: org.apache.velocity.runtime.directive.Define
2019-04-23 14:41:08,169 - Loaded System Directive: org.apache.velocity.runtime.directive.Define
2019-04-23 14:41:08,169 - Loaded System Directive: org.apache.velocity.runtime.directive.Define
2019-04-23 14:41:08,169 - Loaded System Directive: org.apache.velocity.runtime.directive.Break
2019-04-23 14:41:08,169 - Loaded System Directive: org.apache.velocity.runtime.directive.Break
2019-04-23 14:41:08,169 - Loaded System Directive: org.apache.velocity.runtime.directive.Break
2019-04-23 14:41:08,169 - Loaded System Directive: org.apache.velocity.runtime.directive.Break
2019-04-23 14:41:08,169 - Loaded System Directive: org.apache.velocity.runtime.directive.Break
2019-04-23 14:41:08,169 - Loaded System Directive: org.apache.velocity.runtime.directive.Evaluate
2019-04-23 14:41:08,169 - Loaded System Directive: org.apache.velocity.runtime.directive.Evaluate
2019-04-23 14:41:08,169 - Loaded System Directive: org.apache.velocity.runtime.directive.Evaluate
2019-04-23 14:41:08,169 - Loaded System Directive: org.apache.velocity.runtime.directive.Evaluate
2019-04-23 14:41:08,169 - Loaded System Directive: org.apache.velocity.runtime.directive.Evaluate
2019-04-23 14:41:08,170 - Loaded System Directive: org.apache.velocity.runtime.directive.Literal
2019-04-23 14:41:08,170 - Loaded System Directive: org.apache.velocity.runtime.directive.Literal
2019-04-23 14:41:08,170 - Loaded System Directive: org.apache.velocity.runtime.directive.Literal
2019-04-23 14:41:08,170 - Loaded System Directive: org.apache.velocity.runtime.directive.Literal
2019-04-23 14:41:08,170 - Loaded System Directive: org.apache.velocity.runtime.directive.Literal
2019-04-23 14:41:08,170 - Loaded System Directive: org.apache.velocity.runtime.directive.Macro
2019-04-23 14:41:08,170 - Loaded System Directive: org.apache.velocity.runtime.directive.Macro
2019-04-23 14:41:08,170 - Loaded System Directive: org.apache.velocity.runtime.directive.Macro
2019-04-23 14:41:08,170 - Loaded System Directive: org.apache.velocity.runtime.directive.Macro
2019-04-23 14:41:08,170 - Loaded System Directive: org.apache.velocity.runtime.directive.Macro
2019-04-23 14:41:08,170 - Loaded System Directive: org.apache.velocity.runtime.directive.Parse
2019-04-23 14:41:08,170 - Loaded System Directive: org.apache.velocity.runtime.directive.Parse
2019-04-23 14:41:08,170 - Loaded System Directive: org.apache.velocity.runtime.directive.Parse
2019-04-23 14:41:08,170 - Loaded System Directive: org.apache.velocity.runtime.directive.Parse
2019-04-23 14:41:08,170 - Loaded System Directive: org.apache.velocity.runtime.directive.Parse
2019-04-23 14:41:08,171 - Loaded System Directive: org.apache.velocity.runtime.directive.Include
2019-04-23 14:41:08,171 - Loaded System Directive: org.apache.velocity.runtime.directive.Include
2019-04-23 14:41:08,171 - Loaded System Directive: org.apache.velocity.runtime.directive.Include
2019-04-23 14:41:08,171 - Loaded System Directive: org.apache.velocity.runtime.directive.Include
2019-04-23 14:41:08,171 - Loaded System Directive: org.apache.velocity.runtime.directive.Include
2019-04-23 14:41:08,171 - Loaded System Directive: org.apache.velocity.runtime.directive.Foreach
2019-04-23 14:41:08,171 - Loaded System Directive: org.apache.velocity.runtime.directive.Foreach
2019-04-23 14:41:08,171 - Loaded System Directive: org.apache.velocity.runtime.directive.Foreach
2019-04-23 14:41:08,171 - Loaded System Directive: org.apache.velocity.runtime.directive.Foreach
2019-04-23 14:41:08,171 - Loaded System Directive: org.apache.velocity.runtime.directive.Foreach
2019-04-23 14:41:08,192 - Created '20' parsers.
2019-04-23 14:41:08,192 - Created '20' parsers.
2019-04-23 14:41:08,192 - Created '20' parsers.
2019-04-23 14:41:08,192 - Created '20' parsers.
2019-04-23 14:41:08,192 - Created '20' parsers.
2019-04-23 14:41:08,192 - Velocimacro : "velocimacro.library" is not set.  Trying default library: VM_global_library.vm
2019-04-23 14:41:08,192 - Velocimacro : "velocimacro.library" is not set.  Trying default library: VM_global_library.vm
2019-04-23 14:41:08,192 - Velocimacro : "velocimacro.library" is not set.  Trying default library: VM_global_library.vm
2019-04-23 14:41:08,192 - Velocimacro : "velocimacro.library" is not set.  Trying default library: VM_global_library.vm
2019-04-23 14:41:08,192 - Velocimacro : "velocimacro.library" is not set.  Trying default library: VM_global_library.vm
2019-04-23 14:41:08,193 - Could not load resource 'VM_global_library.vm' from ResourceLoader org.apache.velocity.runtime.resource.loader.ClasspathResourceLoader: ClasspathResourceLoader Error: cannot find resource VM_global_library.vm
2019-04-23 14:41:08,193 - Could not load resource 'VM_global_library.vm' from ResourceLoader org.apache.velocity.runtime.resource.loader.ClasspathResourceLoader: ClasspathResourceLoader Error: cannot find resource VM_global_library.vm
2019-04-23 14:41:08,193 - Could not load resource 'VM_global_library.vm' from ResourceLoader org.apache.velocity.runtime.resource.loader.ClasspathResourceLoader: ClasspathResourceLoader Error: cannot find resource VM_global_library.vm
2019-04-23 14:41:08,193 - Could not load resource 'VM_global_library.vm' from ResourceLoader org.apache.velocity.runtime.resource.loader.ClasspathResourceLoader: ClasspathResourceLoader Error: cannot find resource VM_global_library.vm
2019-04-23 14:41:08,193 - Could not load resource 'VM_global_library.vm' from ResourceLoader org.apache.velocity.runtime.resource.loader.ClasspathResourceLoader: ClasspathResourceLoader Error: cannot find resource VM_global_library.vm
2019-04-23 14:41:08,193 - Velocimacro : Default library not found.
2019-04-23 14:41:08,193 - Velocimacro : Default library not found.
2019-04-23 14:41:08,193 - Velocimacro : Default library not found.
2019-04-23 14:41:08,193 - Velocimacro : Default library not found.
2019-04-23 14:41:08,193 - Velocimacro : Default library not found.
2019-04-23 14:41:08,193 - Velocimacro : allowInline = true : VMs can be defined inline in templates
2019-04-23 14:41:08,193 - Velocimacro : allowInline = true : VMs can be defined inline in templates
2019-04-23 14:41:08,193 - Velocimacro : allowInline = true : VMs can be defined inline in templates
2019-04-23 14:41:08,193 - Velocimacro : allowInline = true : VMs can be defined inline in templates
2019-04-23 14:41:08,193 - Velocimacro : allowInline = true : VMs can be defined inline in templates
2019-04-23 14:41:08,193 - Velocimacro : allowInlineToOverride = false : VMs defined inline may NOT replace previous VM definitions
2019-04-23 14:41:08,193 - Velocimacro : allowInlineToOverride = false : VMs defined inline may NOT replace previous VM definitions
2019-04-23 14:41:08,193 - Velocimacro : allowInlineToOverride = false : VMs defined inline may NOT replace previous VM definitions
2019-04-23 14:41:08,193 - Velocimacro : allowInlineToOverride = false : VMs defined inline may NOT replace previous VM definitions
2019-04-23 14:41:08,193 - Velocimacro : allowInlineToOverride = false : VMs defined inline may NOT replace previous VM definitions
2019-04-23 14:41:08,193 - Velocimacro : allowInlineLocal = false : VMs defined inline will be global in scope if allowed.
2019-04-23 14:41:08,193 - Velocimacro : allowInlineLocal = false : VMs defined inline will be global in scope if allowed.
2019-04-23 14:41:08,193 - Velocimacro : allowInlineLocal = false : VMs defined inline will be global in scope if allowed.
2019-04-23 14:41:08,193 - Velocimacro : allowInlineLocal = false : VMs defined inline will be global in scope if allowed.
2019-04-23 14:41:08,193 - Velocimacro : allowInlineLocal = false : VMs defined inline will be global in scope if allowed.
2019-04-23 14:41:08,193 - Velocimacro : autoload off : VM system will not automatically reload global library macros
2019-04-23 14:41:08,193 - Velocimacro : autoload off : VM system will not automatically reload global library macros
2019-04-23 14:41:08,193 - Velocimacro : autoload off : VM system will not automatically reload global library macros
2019-04-23 14:41:08,193 - Velocimacro : autoload off : VM system will not automatically reload global library macros
2019-04-23 14:41:08,193 - Velocimacro : autoload off : VM system will not automatically reload global library macros
2019-04-23 14:41:08,195 - ResourceManager : found public/templates/layout.vtl with loader org.apache.velocity.runtime.resource.loader.ClasspathResourceLoader
2019-04-23 14:41:08,195 - ResourceManager : found public/templates/layout.vtl with loader org.apache.velocity.runtime.resource.loader.ClasspathResourceLoader
2019-04-23 14:41:08,195 - ResourceManager : found public/templates/layout.vtl with loader org.apache.velocity.runtime.resource.loader.ClasspathResourceLoader
2019-04-23 14:41:08,195 - ResourceManager : found public/templates/layout.vtl with loader org.apache.velocity.runtime.resource.loader.ClasspathResourceLoader
2019-04-23 14:41:08,195 - ResourceManager : found public/templates/layout.vtl with loader org.apache.velocity.runtime.resource.loader.ClasspathResourceLoader
2019-04-23 14:41:08,200 - ResourceManager : found public/templates/stylists.vtl with loader org.apache.velocity.runtime.resource.loader.ClasspathResourceLoader
2019-04-23 14:41:08,200 - ResourceManager : found public/templates/stylists.vtl with loader org.apache.velocity.runtime.resource.loader.ClasspathResourceLoader
2019-04-23 14:41:08,200 - ResourceManager : found public/templates/stylists.vtl with loader org.apache.velocity.runtime.resource.loader.ClasspathResourceLoader
2019-04-23 14:41:08,200 - ResourceManager : found public/templates/stylists.vtl with loader org.apache.velocity.runtime.resource.loader.ClasspathResourceLoader
2019-04-23 14:41:08,200 - ResourceManager : found public/templates/stylists.vtl with loader org.apache.velocity.runtime.resource.loader.ClasspathResourceLoader
2019-04-23 14:41:10,711 - ResourceManager : found public/templates/layout.vtl with loader org.apache.velocity.runtime.resource.loader.ClasspathResourceLoader
2019-04-23 14:41:10,711 - ResourceManager : found public/templates/layout.vtl with loader org.apache.velocity.runtime.resource.loader.ClasspathResourceLoader
2019-04-23 14:41:10,711 - ResourceManager : found public/templates/layout.vtl with loader org.apache.velocity.runtime.resource.loader.ClasspathResourceLoader
2019-04-23 14:41:10,711 - ResourceManager : found public/templates/layout.vtl with loader org.apache.velocity.runtime.resource.loader.ClasspathResourceLoader
2019-04-23 14:41:10,711 - ResourceManager : found public/templates/layout.vtl with loader org.apache.velocity.runtime.resource.loader.ClasspathResourceLoader
2019-04-23 14:41:10,714 - ResourceManager : found public/templates/stylist.vtl with loader org.apache.velocity.runtime.resource.loader.ClasspathResourceLoader
2019-04-23 14:41:10,714 - ResourceManager : found public/templates/stylist.vtl with loader org.apache.velocity.runtime.resource.loader.ClasspathResourceLoader
2019-04-23 14:41:10,714 - ResourceManager : found public/templates/stylist.vtl with loader org.apache.velocity.runtime.resource.loader.ClasspathResourceLoader
2019-04-23 14:41:10,714 - ResourceManager : found public/templates/stylist.vtl with loader org.apache.velocity.runtime.resource.loader.ClasspathResourceLoader
2019-04-23 14:41:10,714 - ResourceManager : found public/templates/stylist.vtl with loader org.apache.velocity.runtime.resource.loader.ClasspathResourceLoader
2019-04-23 14:41:27,507 - ResourceManager : found public/templates/layout.vtl with loader org.apache.velocity.runtime.resource.loader.ClasspathResourceLoader
2019-04-23 14:41:27,507 - ResourceManager : found public/templates/layout.vtl with loader org.apache.velocity.runtime.resource.loader.ClasspathResourceLoader
2019-04-23 14:41:27,507 - ResourceManager : found public/templates/layout.vtl with loader org.apache.velocity.runtime.resource.loader.ClasspathResourceLoader
2019-04-23 14:41:27,507 - ResourceManager : found public/templates/layout.vtl with loader org.apache.velocity.runtime.resource.loader.ClasspathResourceLoader
2019-04-23 14:41:27,507 - ResourceManager : found public/templates/layout.vtl with loader org.apache.velocity.runtime.resource.loader.ClasspathResourceLoader
2019-04-23 14:41:27,515 - ResourceManager : found public/templates/stylist.vtl with loader org.apache.velocity.runtime.resource.loader.ClasspathResourceLoader
2019-04-23 14:41:27,515 - ResourceManager : found public/templates/stylist.vtl with loader org.apache.velocity.runtime.resource.loader.ClasspathResourceLoader
2019-04-23 14:41:27,515 - ResourceManager : found public/templates/stylist.vtl with loader org.apache.velocity.runtime.resource.loader.ClasspathResourceLoader
2019-04-23 14:41:27,515 - ResourceManager : found public/templates/stylist.vtl with loader org.apache.velocity.runtime.resource.loader.ClasspathResourceLoader
2019-04-23 14:41:27,515 - ResourceManager : found public/templates/stylist.vtl with loader org.apache.velocity.runtime.resource.loader.ClasspathResourceLoader
2019-04-23 14:42:28,244 - ResourceManager : found public/templates/layout.vtl with loader org.apache.velocity.runtime.resource.loader.ClasspathResourceLoader
2019-04-23 14:42:28,244 - ResourceManager : found public/templates/layout.vtl with loader org.apache.velocity.runtime.resource.loader.ClasspathResourceLoader
2019-04-23 14:42:28,244 - ResourceManager : found public/templates/layout.vtl with loader org.apache.velocity.runtime.resource.loader.ClasspathResourceLoader
2019-04-23 14:42:28,244 - ResourceManager : found public/templates/layout.vtl with loader org.apache.velocity.runtime.resource.loader.ClasspathResourceLoader
2019-04-23 14:42:28,244 - ResourceManager : found public/templates/layout.vtl with loader org.apache.velocity.runtime.resource.loader.ClasspathResourceLoader
2019-04-23 14:42:28,249 - ResourceManager : found public/templates/stylist.vtl with loader org.apache.velocity.runtime.resource.loader.ClasspathResourceLoader
2019-04-23 14:42:28,249 - ResourceManager : found public/templates/stylist.vtl with loader org.apache.velocity.runtime.resource.loader.ClasspathResourceLoader
2019-04-23 14:42:28,249 - ResourceManager : found public/templates/stylist.vtl with loader org.apache.velocity.runtime.resource.loader.ClasspathResourceLoader
2019-04-23 14:42:28,249 - ResourceManager : found public/templates/stylist.vtl with loader org.apache.velocity.runtime.resource.loader.ClasspathResourceLoader
2019-04-23 14:42:28,249 - ResourceManager : found public/templates/stylist.vtl with loader org.apache.velocity.runtime.resource.loader.ClasspathResourceLoader
2019-04-23 15:23:07,549 - Log4JLogChute initialized using file 'velocity.log'
2019-04-23 15:23:07,564 - Initializing Velocity, Calling init()...
2019-04-23 15:23:07,564 - Starting Apache Velocity v1.7 (compiled: 2010-11-19 12:14:37)
2019-04-23 15:23:07,564 - Default Properties File: org/apache/velocity/runtime/defaults/velocity.properties
2019-04-23 15:23:07,564 - Trying to use logger class org.apache.velocity.runtime.log.AvalonLogChute
2019-04-23 15:23:07,564 - Target log system for org.apache.velocity.runtime.log.AvalonLogChute is not available (java.lang.NoClassDefFoundError: org/apache/log/format/Formatter).  Falling back to next log system...
2019-04-23 15:23:07,564 - Trying to use logger class org.apache.velocity.runtime.log.Log4JLogChute
2019-04-23 15:23:07,564 - Using logger class org.apache.velocity.runtime.log.Log4JLogChute
2019-04-23 15:23:07,568 - ResourceLoader instantiated: org.apache.velocity.runtime.resource.loader.ClasspathResourceLoader
2019-04-23 15:23:07,588 - ResourceCache: initialized (class org.apache.velocity.runtime.resource.ResourceCacheImpl) with class java.util.Collections$SynchronizedMap cache map.
2019-04-23 15:23:07,592 - Loaded System Directive: org.apache.velocity.runtime.directive.Stop
2019-04-23 15:23:07,593 - Loaded System Directive: org.apache.velocity.runtime.directive.Define
2019-04-23 15:23:07,594 - Loaded System Directive: org.apache.velocity.runtime.directive.Break
2019-04-23 15:23:07,595 - Loaded System Directive: org.apache.velocity.runtime.directive.Evaluate
2019-04-23 15:23:07,595 - Loaded System Directive: org.apache.velocity.runtime.directive.Literal
2019-04-23 15:23:07,597 - Loaded System Directive: org.apache.velocity.runtime.directive.Macro
2019-04-23 15:23:07,599 - Loaded System Directive: org.apache.velocity.runtime.directive.Parse
2019-04-23 15:23:07,600 - Loaded System Directive: org.apache.velocity.runtime.directive.Include
2019-04-23 15:23:07,601 - Loaded System Directive: org.apache.velocity.runtime.directive.Foreach
2019-04-23 15:23:07,650 - Created '20' parsers.
2019-04-23 15:23:07,655 - Velocimacro : "velocimacro.library" is not set.  Trying default library: VM_global_library.vm
2019-04-23 15:23:07,656 - Could not load resource 'VM_global_library.vm' from ResourceLoader org.apache.velocity.runtime.resource.loader.ClasspathResourceLoader: ClasspathResourceLoader Error: cannot find resource VM_global_library.vm
2019-04-23 15:23:07,656 - Velocimacro : Default library not found.
2019-04-23 15:23:07,656 - Velocimacro : allowInline = true : VMs can be defined inline in templates
2019-04-23 15:23:07,657 - Velocimacro : allowInlineToOverride = false : VMs defined inline may NOT replace previous VM definitions
2019-04-23 15:23:07,657 - Velocimacro : allowInlineLocal = false : VMs defined inline will be global in scope if allowed.
2019-04-23 15:23:07,657 - Velocimacro : autoload off : VM system will not automatically reload global library macros
2019-04-23 15:23:07,676 - ResourceManager : found public/templates/layout.vtl with loader org.apache.velocity.runtime.resource.loader.ClasspathResourceLoader
2019-04-23 15:23:07,679 - ResourceManager : found public/templates/index.vtl with loader org.apache.velocity.runtime.resource.loader.ClasspathResourceLoader
